<?xml version="1.0" encoding="UTF-8"?>
<!-- Generated by org.testng.reporters.JUnitReportReporter -->
<testsuite skipped="0" hostname="DESKTOP-O1PSL34" name="cucumber.tests.Runner" tests="1" failures="0" timestamp="2020-05-19T21:17:11 ICT" time="22.086" errors="0">
  <testcase name="feature" time="22.086" classname="cucumber.tests.Runner"/>
  <system-out/>
</testsuite> <!-- cucumber.tests.Runner -->
