<?xml version="1.0" encoding="UTF-8"?>
<!-- Generated by org.testng.reporters.JUnitReportReporter -->
<testsuite hostname="DESKTOP-THUYNT" failures="0" tests="1" name="Runner.TestRunner" time="32.385" errors="0" timestamp="2020-12-23T23:33:56 ICT" skipped="0">
  <testcase classname="Runner.TestRunner" name="feature" time="32.385"/>
  <system-out/>
</testsuite> <!-- Runner.TestRunner -->
