<?xml version="1.0" encoding="UTF-8"?>
<!-- Generated by org.testng.reporters.JUnitReportReporter -->
<testsuite skipped="0" hostname="DESKTOP-O1PSL34" name="Runner.TestRunner" tests="1" failures="0" timestamp="17 thg 12 2020 06:53:37 GMT" time="0.100" errors="0">
  <testcase name="feature" time="0.100" classname="Runner.TestRunner"/>
</testsuite> <!-- Runner.TestRunner -->
