<?xml version="1.0" encoding="UTF-8"?>
<!-- Generated by org.testng.reporters.JUnitReportReporter -->
<testsuite hostname="DESKTOP-THUYNT" failures="0" tests="1" name="Runner.TestRunner" time="0.075" errors="0" timestamp="2020-12-17T22:03:32 ICT" skipped="0">
  <testcase classname="Runner.TestRunner" name="feature" time="0.075"/>
  <system-out/>
</testsuite> <!-- Runner.TestRunner -->
